<?xml version="1.0" encoding="UTF-8"?>
<testsuite xmlns:xsi="http://www.w3.org/2001/XMLSchema-instance" xsi:noNamespaceSchemaLocation="https://maven.apache.org/surefire/maven-surefire-plugin/xsd/surefire-test-report.xsd" name="org.java.test.EmployeeTest" time="0.011" tests="5" errors="4" skipped="0" failures="0">
  <properties>
[...]
</properties>
  <testcase name="cognomeEmpty" classname="org.java.test.EmployeeTest" time="0">
    <error message="il cognome non può essere nullo" type="java.lang.Exception">java.lang.Exception: il cognome non può essere nullo
	at org.java.test.EmployeeTest.cognomeEmpty(EmployeeTest.java:48)
</error>
  </testcase>
  <testcase name="nomeEmpty" classname="org.java.test.EmployeeTest" time="0">
    <error message="il nome non può essere nullo" type="java.lang.Exception">java.lang.Exception: il nome non può essere nullo
	at org.java.test.EmployeeTest.nomeEmpty(EmployeeTest.java:33)
</error>
  </testcase>
  <testcase name="EmploTest" classname="org.java.test.EmployeeTest" time="0.004"/>
  <testcase name="ruoloTest" classname="org.java.test.EmployeeTest" time="0.006">
    <error message="il ruolo deve essere uguale a : Employee / Boss " type="java.lang.Exception">java.lang.Exception: il ruolo deve essere uguale a : Employee / Boss 
	at org.java.test.EmployeeTest.ruoloTest(EmployeeTest.java:78)
</error>
  </testcase>
  <testcase name="dateTest" classname="org.java.test.EmployeeTest" time="0">
    <error message="La data di nascita non può essere nel futuro" type="java.lang.Exception">java.lang.Exception: La data di nascita non può essere nel futuro
	at org.java.test.EmployeeTest.dateTest(EmployeeTest.java:63)
</error>
  </testcase>
</testsuite>